<?xml version="1.0" encoding="UTF-8"?>
<testng-results skipped="0" failed="0" total="1" passed="1">
  <reporter-output>
  </reporter-output>
  <suite name="Default suite" duration-ms="40" started-at="2015-11-08T10:21:51Z" finished-at="2015-11-08T10:21:51Z">
    <groups>
      <group name="smoke">
        <method signature="First_prg.display()[pri:0, instance:Day10.First_prg@7d417077]" name="display" class="Day10.First_prg"/>
      </group> <!-- smoke -->
    </groups>
    <test name="Default test" duration-ms="40" started-at="2015-11-08T10:21:51Z" finished-at="2015-11-08T10:21:51Z">
      <class name="Day10.First_prg">
        <test-method status="PASS" signature="display()[pri:0, instance:Day10.First_prg@7d417077]" name="display" duration-ms="20" started-at="2015-11-08T15:51:51Z" finished-at="2015-11-08T15:51:51Z">
          <reporter-output>
          </reporter-output>
        </test-method> <!-- display -->
      </class> <!-- Day10.First_prg -->
    </test> <!-- Default test -->
  </suite> <!-- Default suite -->
</testng-results>
