<?xml version="1.0" encoding="UTF-8"?>
<testng-results skipped="0" failed="0" total="1" passed="1">
  <reporter-output>
  </reporter-output>
  <suite name="Octbatch" duration-ms="40" started-at="2015-11-08T10:48:42Z" finished-at="2015-11-08T10:48:42Z">
    <groups>
      <group name="smoke">
        <method signature="First_prg.display()[pri:0, instance:Day10.First_prg@2f7a2457]" name="display" class="Day10.First_prg"/>
      </group> <!-- smoke -->
    </groups>
    <test name="RegSet1" duration-ms="40" started-at="2015-11-08T10:48:42Z" finished-at="2015-11-08T10:48:42Z">
      <class name="Day10.First_prg">
        <test-method status="PASS" signature="display()[pri:0, instance:Day10.First_prg@2f7a2457]" name="display" duration-ms="10" started-at="2015-11-08T16:18:42Z" finished-at="2015-11-08T16:18:42Z">
          <reporter-output>
          </reporter-output>
        </test-method> <!-- display -->
      </class> <!-- Day10.First_prg -->
    </test> <!-- RegSet1 -->
  </suite> <!-- Octbatch -->
</testng-results>
